{
  "RSpec": {
    "coverage": {
      "/Users/abitravers/gitDir/driftrock_test/spec/app_spec.rb": [
        1,
        1,
        null,
        1,
        2,
        null,
        null,
        null,
        null,
        null,
        null,
        null,
        1,
        1,
        1,
        null,
        null,
        null
      ],
      "/Users/abitravers/gitDir/driftrock_test/lib/app.rb": [
        null,
        null,
        null,
        null,
        1,
        null,
        1,
        null,
        null,
        null,
        1,
        null,
        null,
        null,
        null
      ],
      "/Users/abitravers/gitDir/driftrock_test/spec/customerSpend_spec.rb": [
        1,
        1,
        null,
        null,
        null,
        null,
        1,
        null,
        4,
        null,
        1,
        null,
        1,
        1,
        null,
        null,
        1,
        1,
        null,
        null,
        null,
        1,
        1,
        1,
        1,
        1,
        null,
        null,
        null
      ],
      "/Users/abitravers/gitDir/driftrock_test/lib/customerSpend.rb": [
        1,
        null,
        1,
        null,
        1,
        null,
        1,
        4,
        4,
        4,
        null,
        null,
        1,
        2,
        null,
        null,
        1,
        2,
        2,
        2000,
        null,
        null,
        null,
        1,
        2000,
        2,
        null,
        null,
        null,
        null,
        null,
        null,
        1,
        1,
        1
      ]
    },
    "timestamp": 1508922042
  }
}
